app/build/intermediates/manifest_merge_blame_file/debug/manifest-merger-blame-debug-report.txt
1<?xml version="1.0" encoding="utf-8"?>
2<manifest xmlns:android="http://schemas.android.com/apk/res/android"
3    package="projects.mostafagad.fixed"
4    android:versionCode="1"
5    android:versionName="1.0" >
6
7    <uses-sdk
8        android:minSdkVersion="17"
8-->src\main\AndroidManifest.xml
9        android:targetSdkVersion="26" />
9-->src\main\AndroidManifest.xml
10
11    <uses-permission android:name="android.permission.READ_EXTERNAL_STORAGE" />
11-->src\main\AndroidManifest.xml:6:5-80
11-->src\main\AndroidManifest.xml:6:22-77
12    <uses-permission android:name="android.permission.WRITE_EXTERNAL_STORAGE" />
12-->src\main\AndroidManifest.xml:7:5-81
12-->src\main\AndroidManifest.xml:7:22-78
13    <uses-permission android:name="android.permission.INTERNET" />
13-->src\main\AndroidManifest.xml:8:5-67
13-->src\main\AndroidManifest.xml:8:22-64
14    <uses-permission android:name="android.permission.ACCESS_FINE_LOCATION" />
14-->src\main\AndroidManifest.xml:9:5-79
14-->src\main\AndroidManifest.xml:9:22-76
15    <uses-permission android:name="android.permission.ACCESS_FINE_LOCATION" />
15-->src\main\AndroidManifest.xml:9:5-79
15-->src\main\AndroidManifest.xml:9:22-76
16    <uses-permission android:name="android.permission.ACCESS_COARSE_LOCATION" />
16-->src\main\AndroidManifest.xml:11:5-81
16-->src\main\AndroidManifest.xml:11:22-78
17    <uses-permission android:name="android.permission.CALL_PHONE" />
17-->src\main\AndroidManifest.xml:12:5-69
17-->src\main\AndroidManifest.xml:12:22-66
18    <!--
19         The ACCESS_COARSE/FINE_LOCATION permissions are not required to use
20         Google Maps Android API v2, but you must specify either coarse or fine
21         location permissions for the 'MyLocation' functionality. 
22    -->
23    <uses-permission android:name="android.permission.ACCESS_FINE_LOCATION" /> <!-- To auto-complete the email text field in the login form with the user's emails -->
23-->src\main\AndroidManifest.xml:9:5-79
23-->src\main\AndroidManifest.xml:9:22-76
24    <uses-permission android:name="android.permission.GET_ACCOUNTS" />
24-->src\main\AndroidManifest.xml:19:5-71
24-->src\main\AndroidManifest.xml:19:22-68
25    <uses-permission android:name="android.permission.READ_PROFILE" />
25-->src\main\AndroidManifest.xml:20:5-71
25-->src\main\AndroidManifest.xml:20:22-68
26    <uses-permission android:name="android.permission.READ_CONTACTS" />
26-->src\main\AndroidManifest.xml:21:5-72
26-->src\main\AndroidManifest.xml:21:22-69
27
28    <application
28-->src\main\AndroidManifest.xml:23:5-56:19
29        android:name="HomeDoctor.MyApp"
29-->src\main\AndroidManifest.xml:24:9-40
30        android:allowBackup="true"
30-->src\main\AndroidManifest.xml:25:9-35
31        android:appComponentFactory="androidx.core.app.CoreComponentFactory"
31-->[androidx.core:core:1.1.0] AndroidManifest.xml:24:18-86
32        android:debuggable="true"
33        android:icon="@drawable/logo"
33-->src\main\AndroidManifest.xml:26:9-38
34        android:label="@string/app_name"
34-->src\main\AndroidManifest.xml:27:9-41
35        android:largeHeap="true"
35-->src\main\AndroidManifest.xml:28:9-33
36        android:roundIcon="@mipmap/doctor"
36-->src\main\AndroidManifest.xml:29:9-43
37        android:supportsRtl="false"
37-->src\main\AndroidManifest.xml:30:9-36
38        android:theme="@style/Theme.Design.NoActionBar" >
38-->src\main\AndroidManifest.xml:31:9-56
39        <activity
39-->src\main\AndroidManifest.xml:33:9-35:15
40            android:name="HomeDoctor.ui.Register"
40-->src\main\AndroidManifest.xml:33:19-56
41            android:screenOrientation="portrait" />
41-->src\main\AndroidManifest.xml:34:13-49
42        <activity
42-->src\main\AndroidManifest.xml:36:9-38:52
43            android:name="HomeDoctor.ui.Details"
43-->src\main\AndroidManifest.xml:37:13-49
44            android:screenOrientation="portrait" />
44-->src\main\AndroidManifest.xml:38:13-49
45        <activity
45-->src\main\AndroidManifest.xml:39:9-41:52
46            android:name="HomeDoctor.ui.Results"
46-->src\main\AndroidManifest.xml:40:13-49
47            android:screenOrientation="portrait" />
47-->src\main\AndroidManifest.xml:41:13-49
48        <activity
48-->src\main\AndroidManifest.xml:42:9-51:20
49            android:name="HomeDoctor.ui.Login"
49-->src\main\AndroidManifest.xml:43:13-47
50            android:screenOrientation="portrait"
50-->src\main\AndroidManifest.xml:44:13-49
51            android:theme="@style/Theme.AppCompat.NoActionBar" >
51-->src\main\AndroidManifest.xml:45:13-63
52            <intent-filter>
52-->src\main\AndroidManifest.xml:46:13-50:29
53                <action android:name="android.intent.action.MAIN" />
53-->src\main\AndroidManifest.xml:47:17-69
53-->src\main\AndroidManifest.xml:47:25-66
54
55                <category android:name="android.intent.category.LAUNCHER" />
55-->src\main\AndroidManifest.xml:49:17-77
55-->src\main\AndroidManifest.xml:49:27-74
56            </intent-filter>
57        </activity>
58
59        <meta-data
59-->src\main\AndroidManifest.xml:53:9-55:55
60            android:name="com.google.android.geo.API_KEY"
60-->src\main\AndroidManifest.xml:54:13-58
61            android:value="@string/google_maps_key" />
61-->src\main\AndroidManifest.xml:55:13-52
62
63        <activity
63-->[com.karumi:dexter:6.0.2] AndroidManifest.xml:27:9-29:72
64            android:name="com.karumi.dexter.DexterActivity"
64-->[com.karumi:dexter:6.0.2] AndroidManifest.xml:28:13-60
65            android:theme="@style/Dexter.Internal.Theme.Transparent" />
65-->[com.karumi:dexter:6.0.2] AndroidManifest.xml:29:13-69
66
67        <provider
67-->[androidx.lifecycle:lifecycle-process:2.1.0] AndroidManifest.xml:23:9-27:43
68            android:name="androidx.lifecycle.ProcessLifecycleOwnerInitializer"
68-->[androidx.lifecycle:lifecycle-process:2.1.0] AndroidManifest.xml:24:13-79
69            android:authorities="projects.mostafagad.fixed.lifecycle-process"
69-->[androidx.lifecycle:lifecycle-process:2.1.0] AndroidManifest.xml:25:13-69
70            android:exported="false"
70-->[androidx.lifecycle:lifecycle-process:2.1.0] AndroidManifest.xml:26:13-37
71            android:multiprocess="true" />
71-->[androidx.lifecycle:lifecycle-process:2.1.0] AndroidManifest.xml:27:13-40
72    </application>
73
74</manifest>